[2021.12.21 12:28:53UTC] [director] INFO [director.py:register_ecu_serial():155]
[42m[30mRegistered a new ECU, 'INFOdemocar' in vehicle 'democar' with ECU public key: {'keytype': 'ed25519', 'keyid': '9a406d99e362e7c93e7acfe1e4d6585221315be817f350c026bbee84ada260da', 'keyval': {'public': 'a1293426fcf4ce6f38135eb72bf89fedfdcba1b732779683b951d71a0b9e89a2'}, 'keyid_hash_algorithms': ['sha256', 'sha512']}[0m

[2021.12.21 12:28:53UTC] [director] INFO [director.py:validate_primary_certification_in_vehicle_manifest():339]
Beginning validate_primary_certification_in_vehicle_manifest

[2021.12.21 12:28:53UTC] [director] INFO [director.py:register_vehicle_manifest():290]
[42m[30m Received a Vehicle Manifest from Primary ECU 'INFOdemocar', with a valid signature from that ECU.[0m

[2021.12.21 12:29:04UTC] [primary] DEBUG [primary.py:primary_update_cycle():513]
Refreshing top level metadata from all repositories.

[2021.12.21 12:29:16UTC] [primary] INFO [primary.py:primary_update_cycle():522]
A correctly signed statement from the Director indicates that this vehicle has NO updates to install.

[2021.12.21 12:29:16UTC] [primary] DEBUG [primary.py:primary_update_cycle():530]
Retrieving validated image file metadata from Image and Director Repositories.

[2021.12.21 12:29:16UTC] [primary] INFO [primary.py:primary_update_cycle():591]
Metadata for the following Targets has been validated by both the Director and the Image repository. They will now be downloaded:[]

[2021.12.21 12:29:16UTC] [director] INFO [director.py:validate_primary_certification_in_vehicle_manifest():339]
Beginning validate_primary_certification_in_vehicle_manifest

[2021.12.21 12:29:16UTC] [director] INFO [director.py:register_vehicle_manifest():290]
[42m[30m Received a Vehicle Manifest from Primary ECU 'INFOdemocar', with a valid signature from that ECU.[0m

[2021.12.21 12:29:42UTC] [director] INFO [director.py:register_ecu_serial():155]
[42m[30mRegistered a new ECU, 'TCUdemocar' in vehicle 'democar' with ECU public key: {'keytype': 'ed25519', 'keyid': '49309f114b857e4b29bfbff1c1c75df59f154fbc45539b2eb30c8a867843b2cb', 'keyval': {'public': '6b3ce84f9de678c1c4555607055398ebb2369c84800742773165c5854660c433'}, 'keyid_hash_algorithms': ['sha256', 'sha512']}[0m

[2021.12.21 12:29:42UTC] [primary] DEBUG [primary.py:register_new_secondary():936]
ECU Serial 'TCUdemocar' has been registered as a Secondary with this Primary.

[2021.12.21 12:29:42UTC] [primary] DEBUG [primary.py:register_ecu_manifest():1086]
[32m Primary received an ECU manifest from ECU 'TCUdemocar', along with nonce 1353341073[0m

[2021.12.21 12:30:03UTC] [primary] DEBUG [primary.py:register_ecu_manifest():1086]
[32m Primary received an ECU manifest from ECU 'TCUdemocar', along with nonce 1353341073[0m

[2021.12.21 13:08:12UTC] [director] INFO [director.py:register_ecu_serial():155]
[42m[30mRegistered a new ECU, 'INFOdemocar' in vehicle 'democar' with ECU public key: {'keytype': 'ed25519', 'keyid': '9a406d99e362e7c93e7acfe1e4d6585221315be817f350c026bbee84ada260da', 'keyval': {'public': 'a1293426fcf4ce6f38135eb72bf89fedfdcba1b732779683b951d71a0b9e89a2'}, 'keyid_hash_algorithms': ['sha256', 'sha512']}[0m

[2021.12.22 07:58:16UTC] [director] INFO [director.py:register_ecu_serial():155]
[42m[30mRegistered a new ECU, 'INFOdemocar' in vehicle 'democar' with ECU public key: {'keytype': 'ed25519', 'keyid': '9a406d99e362e7c93e7acfe1e4d6585221315be817f350c026bbee84ada260da', 'keyval': {'public': 'a1293426fcf4ce6f38135eb72bf89fedfdcba1b732779683b951d71a0b9e89a2'}, 'keyid_hash_algorithms': ['sha256', 'sha512']}[0m

[2021.12.22 08:08:08UTC] [director] INFO [director.py:register_ecu_serial():155]
[42m[30mRegistered a new ECU, 'INFOdemocar' in vehicle 'democar' with ECU public key: {'keytype': 'ed25519', 'keyid': '9a406d99e362e7c93e7acfe1e4d6585221315be817f350c026bbee84ada260da', 'keyval': {'public': 'a1293426fcf4ce6f38135eb72bf89fedfdcba1b732779683b951d71a0b9e89a2'}, 'keyid_hash_algorithms': ['sha256', 'sha512']}[0m

[2021.12.22 08:11:19UTC] [director] INFO [director.py:register_ecu_serial():155]
[42m[30mRegistered a new ECU, 'INFOdemocar' in vehicle 'democar' with ECU public key: {'keytype': 'ed25519', 'keyid': '9a406d99e362e7c93e7acfe1e4d6585221315be817f350c026bbee84ada260da', 'keyval': {'public': 'a1293426fcf4ce6f38135eb72bf89fedfdcba1b732779683b951d71a0b9e89a2'}, 'keyid_hash_algorithms': ['sha256', 'sha512']}[0m

[2021.12.22 08:14:36UTC] [director] INFO [director.py:register_ecu_serial():155]
[42m[30mRegistered a new ECU, 'INFOdemocar' in vehicle 'democar' with ECU public key: {'keytype': 'ed25519', 'keyid': '9a406d99e362e7c93e7acfe1e4d6585221315be817f350c026bbee84ada260da', 'keyval': {'public': 'a1293426fcf4ce6f38135eb72bf89fedfdcba1b732779683b951d71a0b9e89a2'}, 'keyid_hash_algorithms': ['sha256', 'sha512']}[0m

[2021.12.22 08:53:39UTC] [director] INFO [director.py:register_ecu_serial():155]
[42m[30mRegistered a new ECU, 'INFOdemocar' in vehicle 'democar' with ECU public key: {'keytype': 'ed25519', 'keyid': '9a406d99e362e7c93e7acfe1e4d6585221315be817f350c026bbee84ada260da', 'keyval': {'public': 'a1293426fcf4ce6f38135eb72bf89fedfdcba1b732779683b951d71a0b9e89a2'}, 'keyid_hash_algorithms': ['sha256', 'sha512']}[0m

[2021.12.22 08:53:39UTC] [director] INFO [director.py:validate_primary_certification_in_vehicle_manifest():339]
Beginning validate_primary_certification_in_vehicle_manifest

[2021.12.22 08:53:39UTC] [director] INFO [director.py:register_vehicle_manifest():290]
[42m[30m Received a Vehicle Manifest from Primary ECU 'INFOdemocar', with a valid signature from that ECU.[0m

[2021.12.22 08:56:15UTC] [director] INFO [director.py:register_ecu_serial():155]
[42m[30mRegistered a new ECU, 'INFOdemocar' in vehicle 'democar' with ECU public key: {'keytype': 'ed25519', 'keyid': '9a406d99e362e7c93e7acfe1e4d6585221315be817f350c026bbee84ada260da', 'keyval': {'public': 'a1293426fcf4ce6f38135eb72bf89fedfdcba1b732779683b951d71a0b9e89a2'}, 'keyid_hash_algorithms': ['sha256', 'sha512']}[0m

[2021.12.22 08:56:15UTC] [director] INFO [director.py:validate_primary_certification_in_vehicle_manifest():339]
Beginning validate_primary_certification_in_vehicle_manifest

[2021.12.22 08:56:15UTC] [director] INFO [director.py:register_vehicle_manifest():290]
[42m[30m Received a Vehicle Manifest from Primary ECU 'INFOdemocar', with a valid signature from that ECU.[0m

[2021.12.22 08:56:43UTC] [director] INFO [director.py:validate_primary_certification_in_vehicle_manifest():339]
Beginning validate_primary_certification_in_vehicle_manifest

[2021.12.22 08:56:43UTC] [director] INFO [director.py:register_vehicle_manifest():290]
[42m[30m Received a Vehicle Manifest from Primary ECU 'INFOdemocar', with a valid signature from that ECU.[0m

[2021.12.22 10:14:56UTC] [director] INFO [director.py:register_ecu_serial():155]
[42m[30mRegistered a new ECU, 'INFOdemocar' in vehicle 'democar' with ECU public key: {'keytype': 'ed25519', 'keyid': '9a406d99e362e7c93e7acfe1e4d6585221315be817f350c026bbee84ada260da', 'keyval': {'public': 'a1293426fcf4ce6f38135eb72bf89fedfdcba1b732779683b951d71a0b9e89a2'}, 'keyid_hash_algorithms': ['sha256', 'sha512']}[0m

[2021.12.22 10:22:08UTC] [director] INFO [director.py:register_ecu_serial():155]
[42m[30mRegistered a new ECU, 'INFOdemocar' in vehicle 'democar' with ECU public key: {'keytype': 'ed25519', 'keyid': '9a406d99e362e7c93e7acfe1e4d6585221315be817f350c026bbee84ada260da', 'keyval': {'public': 'a1293426fcf4ce6f38135eb72bf89fedfdcba1b732779683b951d71a0b9e89a2'}, 'keyid_hash_algorithms': ['sha256', 'sha512']}[0m

[2021.12.22 10:22:08UTC] [director] INFO [director.py:validate_primary_certification_in_vehicle_manifest():339]
Beginning validate_primary_certification_in_vehicle_manifest

[2021.12.22 10:22:08UTC] [director] INFO [director.py:register_vehicle_manifest():290]
[42m[30m Received a Vehicle Manifest from Primary ECU 'INFOdemocar', with a valid signature from that ECU.[0m

[2021.12.22 10:22:45UTC] [director] INFO [director.py:validate_primary_certification_in_vehicle_manifest():339]
Beginning validate_primary_certification_in_vehicle_manifest

[2021.12.22 10:22:45UTC] [director] INFO [director.py:register_vehicle_manifest():290]
[42m[30m Received a Vehicle Manifest from Primary ECU 'INFOdemocar', with a valid signature from that ECU.[0m

[2021.12.22 10:39:25UTC] [director] INFO [director.py:register_ecu_serial():155]
[42m[30mRegistered a new ECU, 'INFOdemocar' in vehicle 'democar' with ECU public key: {'keytype': 'ed25519', 'keyid': '9a406d99e362e7c93e7acfe1e4d6585221315be817f350c026bbee84ada260da', 'keyval': {'public': 'a1293426fcf4ce6f38135eb72bf89fedfdcba1b732779683b951d71a0b9e89a2'}, 'keyid_hash_algorithms': ['sha256', 'sha512']}[0m

[2021.12.22 10:39:25UTC] [director] INFO [director.py:validate_primary_certification_in_vehicle_manifest():339]
Beginning validate_primary_certification_in_vehicle_manifest

[2021.12.22 10:39:25UTC] [director] INFO [director.py:register_vehicle_manifest():290]
[42m[30m Received a Vehicle Manifest from Primary ECU 'INFOdemocar', with a valid signature from that ECU.[0m

[2021.12.22 10:39:41UTC] [director] INFO [director.py:validate_primary_certification_in_vehicle_manifest():339]
Beginning validate_primary_certification_in_vehicle_manifest

[2021.12.22 10:39:41UTC] [director] INFO [director.py:register_vehicle_manifest():290]
[42m[30m Received a Vehicle Manifest from Primary ECU 'INFOdemocar', with a valid signature from that ECU.[0m

[2021.12.22 11:09:47UTC] [director] INFO [director.py:register_ecu_serial():155]
[42m[30mRegistered a new ECU, 'INFOdemocar' in vehicle 'democar' with ECU public key: {'keytype': 'ed25519', 'keyid': '9a406d99e362e7c93e7acfe1e4d6585221315be817f350c026bbee84ada260da', 'keyval': {'public': 'a1293426fcf4ce6f38135eb72bf89fedfdcba1b732779683b951d71a0b9e89a2'}, 'keyid_hash_algorithms': ['sha256', 'sha512']}[0m

[2021.12.22 11:09:47UTC] [director] INFO [director.py:validate_primary_certification_in_vehicle_manifest():339]
Beginning validate_primary_certification_in_vehicle_manifest

[2021.12.22 11:09:47UTC] [director] INFO [director.py:register_vehicle_manifest():290]
[42m[30m Received a Vehicle Manifest from Primary ECU 'INFOdemocar', with a valid signature from that ECU.[0m

[2021.12.22 11:10:47UTC] [director] INFO [director.py:validate_primary_certification_in_vehicle_manifest():339]
Beginning validate_primary_certification_in_vehicle_manifest

[2021.12.22 11:10:47UTC] [director] INFO [director.py:register_vehicle_manifest():290]
[42m[30m Received a Vehicle Manifest from Primary ECU 'INFOdemocar', with a valid signature from that ECU.[0m

[2021.12.22 11:19:04UTC] [director] INFO [director.py:register_ecu_serial():155]
[42m[30mRegistered a new ECU, 'INFOdemocar' in vehicle 'democar' with ECU public key: {'keytype': 'ed25519', 'keyid': '9a406d99e362e7c93e7acfe1e4d6585221315be817f350c026bbee84ada260da', 'keyval': {'public': 'a1293426fcf4ce6f38135eb72bf89fedfdcba1b732779683b951d71a0b9e89a2'}, 'keyid_hash_algorithms': ['sha256', 'sha512']}[0m

[2021.12.22 11:19:04UTC] [director] INFO [director.py:validate_primary_certification_in_vehicle_manifest():339]
Beginning validate_primary_certification_in_vehicle_manifest

[2021.12.22 11:19:04UTC] [director] INFO [director.py:register_vehicle_manifest():290]
[42m[30m Received a Vehicle Manifest from Primary ECU 'INFOdemocar', with a valid signature from that ECU.[0m

[2021.12.22 11:19:21UTC] [director] INFO [director.py:validate_primary_certification_in_vehicle_manifest():339]
Beginning validate_primary_certification_in_vehicle_manifest

[2021.12.22 11:19:21UTC] [director] INFO [director.py:register_vehicle_manifest():290]
[42m[30m Received a Vehicle Manifest from Primary ECU 'INFOdemocar', with a valid signature from that ECU.[0m

[2021.12.22 11:29:57UTC] [director] INFO [director.py:validate_primary_certification_in_vehicle_manifest():339]
Beginning validate_primary_certification_in_vehicle_manifest

[2021.12.22 11:29:57UTC] [director] INFO [director.py:register_vehicle_manifest():290]
[42m[30m Received a Vehicle Manifest from Primary ECU 'INFOdemocar', with a valid signature from that ECU.[0m

[2021.12.22 11:30:15UTC] [director] INFO [director.py:validate_primary_certification_in_vehicle_manifest():339]
Beginning validate_primary_certification_in_vehicle_manifest

[2021.12.22 11:30:15UTC] [director] INFO [director.py:register_vehicle_manifest():290]
[42m[30m Received a Vehicle Manifest from Primary ECU 'INFOdemocar', with a valid signature from that ECU.[0m

[2021.12.22 11:45:08UTC] [director] INFO [director.py:validate_primary_certification_in_vehicle_manifest():339]
Beginning validate_primary_certification_in_vehicle_manifest

[2021.12.22 11:45:08UTC] [director] INFO [director.py:register_vehicle_manifest():290]
[42m[30m Received a Vehicle Manifest from Primary ECU 'INFOdemocar', with a valid signature from that ECU.[0m

[2021.12.22 11:45:23UTC] [director] INFO [director.py:validate_primary_certification_in_vehicle_manifest():339]
Beginning validate_primary_certification_in_vehicle_manifest

[2021.12.22 11:45:23UTC] [director] INFO [director.py:register_vehicle_manifest():290]
[42m[30m Received a Vehicle Manifest from Primary ECU 'INFOdemocar', with a valid signature from that ECU.[0m

[2021.12.22 11:58:11UTC] [director] INFO [director.py:validate_primary_certification_in_vehicle_manifest():339]
Beginning validate_primary_certification_in_vehicle_manifest

[2021.12.22 11:58:11UTC] [director] INFO [director.py:register_vehicle_manifest():290]
[42m[30m Received a Vehicle Manifest from Primary ECU 'INFOdemocar', with a valid signature from that ECU.[0m

[2021.12.22 11:58:27UTC] [director] INFO [director.py:validate_primary_certification_in_vehicle_manifest():339]
Beginning validate_primary_certification_in_vehicle_manifest

[2021.12.22 11:58:27UTC] [director] INFO [director.py:register_vehicle_manifest():290]
[42m[30m Received a Vehicle Manifest from Primary ECU 'INFOdemocar', with a valid signature from that ECU.[0m

[2021.12.22 12:10:54UTC] [director] INFO [director.py:register_ecu_serial():155]
[42m[30mRegistered a new ECU, 'INFOdemocar' in vehicle 'democar' with ECU public key: {'keytype': 'ed25519', 'keyid': '9a406d99e362e7c93e7acfe1e4d6585221315be817f350c026bbee84ada260da', 'keyval': {'public': 'a1293426fcf4ce6f38135eb72bf89fedfdcba1b732779683b951d71a0b9e89a2'}, 'keyid_hash_algorithms': ['sha256', 'sha512']}[0m

[2021.12.22 12:10:54UTC] [director] INFO [director.py:validate_primary_certification_in_vehicle_manifest():339]
Beginning validate_primary_certification_in_vehicle_manifest

[2021.12.22 12:10:54UTC] [director] INFO [director.py:register_vehicle_manifest():290]
[42m[30m Received a Vehicle Manifest from Primary ECU 'INFOdemocar', with a valid signature from that ECU.[0m

[2021.12.22 12:11:10UTC] [director] INFO [director.py:validate_primary_certification_in_vehicle_manifest():339]
Beginning validate_primary_certification_in_vehicle_manifest

[2021.12.22 12:11:10UTC] [director] INFO [director.py:register_vehicle_manifest():290]
[42m[30m Received a Vehicle Manifest from Primary ECU 'INFOdemocar', with a valid signature from that ECU.[0m

[2021.12.22 12:14:33UTC] [director] INFO [director.py:validate_primary_certification_in_vehicle_manifest():339]
Beginning validate_primary_certification_in_vehicle_manifest

[2021.12.22 12:14:33UTC] [director] INFO [director.py:register_vehicle_manifest():290]
[42m[30m Received a Vehicle Manifest from Primary ECU 'INFOdemocar', with a valid signature from that ECU.[0m

[2021.12.22 12:31:28UTC] [director] INFO [director.py:register_ecu_serial():155]
[42m[30mRegistered a new ECU, 'INFOdemocar' in vehicle 'democar' with ECU public key: {'keytype': 'ed25519', 'keyid': '9a406d99e362e7c93e7acfe1e4d6585221315be817f350c026bbee84ada260da', 'keyval': {'public': 'a1293426fcf4ce6f38135eb72bf89fedfdcba1b732779683b951d71a0b9e89a2'}, 'keyid_hash_algorithms': ['sha256', 'sha512']}[0m

[2021.12.22 12:31:28UTC] [director] INFO [director.py:validate_primary_certification_in_vehicle_manifest():339]
Beginning validate_primary_certification_in_vehicle_manifest

[2021.12.22 12:31:28UTC] [director] INFO [director.py:register_vehicle_manifest():290]
[42m[30m Received a Vehicle Manifest from Primary ECU 'INFOdemocar', with a valid signature from that ECU.[0m

[2021.12.22 12:31:44UTC] [director] INFO [director.py:validate_primary_certification_in_vehicle_manifest():339]
Beginning validate_primary_certification_in_vehicle_manifest

[2021.12.22 12:31:44UTC] [director] INFO [director.py:register_vehicle_manifest():290]
[42m[30m Received a Vehicle Manifest from Primary ECU 'INFOdemocar', with a valid signature from that ECU.[0m

[2021.12.22 12:33:55UTC] [director] INFO [director.py:validate_primary_certification_in_vehicle_manifest():339]
Beginning validate_primary_certification_in_vehicle_manifest

[2021.12.22 12:33:55UTC] [director] INFO [director.py:register_vehicle_manifest():290]
[42m[30m Received a Vehicle Manifest from Primary ECU 'INFOdemocar', with a valid signature from that ECU.[0m

[2021.12.22 12:49:40UTC] [director] INFO [director.py:register_ecu_serial():155]
[42m[30mRegistered a new ECU, 'INFOdemocar' in vehicle 'democar' with ECU public key: {'keytype': 'ed25519', 'keyid': '9a406d99e362e7c93e7acfe1e4d6585221315be817f350c026bbee84ada260da', 'keyval': {'public': 'a1293426fcf4ce6f38135eb72bf89fedfdcba1b732779683b951d71a0b9e89a2'}, 'keyid_hash_algorithms': ['sha256', 'sha512']}[0m

[2021.12.22 12:49:40UTC] [director] INFO [director.py:validate_primary_certification_in_vehicle_manifest():339]
Beginning validate_primary_certification_in_vehicle_manifest

[2021.12.22 12:49:40UTC] [director] INFO [director.py:register_vehicle_manifest():290]
[42m[30m Received a Vehicle Manifest from Primary ECU 'INFOdemocar', with a valid signature from that ECU.[0m

[2021.12.22 12:49:56UTC] [director] INFO [director.py:validate_primary_certification_in_vehicle_manifest():339]
Beginning validate_primary_certification_in_vehicle_manifest

[2021.12.22 12:49:56UTC] [director] INFO [director.py:register_vehicle_manifest():290]
[42m[30m Received a Vehicle Manifest from Primary ECU 'INFOdemocar', with a valid signature from that ECU.[0m

[2021.12.22 12:52:32UTC] [director] INFO [director.py:validate_primary_certification_in_vehicle_manifest():339]
Beginning validate_primary_certification_in_vehicle_manifest

[2021.12.22 12:52:32UTC] [director] INFO [director.py:register_vehicle_manifest():290]
[42m[30m Received a Vehicle Manifest from Primary ECU 'INFOdemocar', with a valid signature from that ECU.[0m

[2021.12.22 13:02:26UTC] [director] INFO [director.py:register_ecu_serial():155]
[42m[30mRegistered a new ECU, 'INFOdemocar' in vehicle 'democar' with ECU public key: {'keytype': 'ed25519', 'keyid': '9a406d99e362e7c93e7acfe1e4d6585221315be817f350c026bbee84ada260da', 'keyval': {'public': 'a1293426fcf4ce6f38135eb72bf89fedfdcba1b732779683b951d71a0b9e89a2'}, 'keyid_hash_algorithms': ['sha256', 'sha512']}[0m

[2021.12.22 13:02:26UTC] [director] INFO [director.py:validate_primary_certification_in_vehicle_manifest():339]
Beginning validate_primary_certification_in_vehicle_manifest

[2021.12.22 13:02:26UTC] [director] INFO [director.py:register_vehicle_manifest():290]
[42m[30m Received a Swarm Manifest from Fog drone 'INFOdemocar', with a valid signature from that drone.[0m

[2021.12.22 13:02:42UTC] [director] INFO [director.py:validate_primary_certification_in_vehicle_manifest():339]
Beginning validate_primary_certification_in_vehicle_manifest

[2021.12.22 13:02:42UTC] [director] INFO [director.py:register_vehicle_manifest():290]
[42m[30m Received a Swarm Manifest from Fog drone 'INFOdemocar', with a valid signature from that drone.[0m

[2021.12.22 13:06:58UTC] [director] INFO [director.py:register_ecu_serial():155]
[42m[30mRegistered a new fog drone, 'INFOdemocar' in swarm 'democar' with drone public key: {'keytype': 'ed25519', 'keyid': '9a406d99e362e7c93e7acfe1e4d6585221315be817f350c026bbee84ada260da', 'keyval': {'public': 'a1293426fcf4ce6f38135eb72bf89fedfdcba1b732779683b951d71a0b9e89a2'}, 'keyid_hash_algorithms': ['sha256', 'sha512']}[0m

[2021.12.22 13:06:58UTC] [director] INFO [director.py:validate_primary_certification_in_vehicle_manifest():339]
Beginning validate_primary_certification_in_vehicle_manifest

[2021.12.22 13:06:58UTC] [director] INFO [director.py:register_vehicle_manifest():290]
[42m[30m Received a Swarm Manifest from Fog drone 'INFOdemocar', with a valid signature from that drone.[0m

[2021.12.22 13:07:14UTC] [director] INFO [director.py:validate_primary_certification_in_vehicle_manifest():339]
Beginning validate_primary_certification_in_vehicle_manifest

[2021.12.22 13:07:14UTC] [director] INFO [director.py:register_vehicle_manifest():290]
[42m[30m Received a Swarm Manifest from Fog drone 'INFOdemocar', with a valid signature from that drone.[0m

[2021.12.29 10:22:41UTC] [director] INFO [director.py:register_ecu_serial():155]
[42m[30mRegistered a new fog drone, 'INFOdemocar' in swarm 'democar' with drone public key: {'keytype': 'ed25519', 'keyid': '9a406d99e362e7c93e7acfe1e4d6585221315be817f350c026bbee84ada260da', 'keyval': {'public': 'a1293426fcf4ce6f38135eb72bf89fedfdcba1b732779683b951d71a0b9e89a2'}, 'keyid_hash_algorithms': ['sha256', 'sha512']}[0m

[2021.12.29 10:22:41UTC] [director] INFO [director.py:validate_primary_certification_in_vehicle_manifest():339]
Beginning validate_primary_certification_in_vehicle_manifest

[2021.12.29 10:22:41UTC] [director] INFO [director.py:register_vehicle_manifest():290]
[42m[30m Received a Swarm Manifest from Fog drone 'INFOdemocar', with a valid signature from that drone.[0m

[2021.12.29 10:22:56UTC] [director] INFO [director.py:validate_primary_certification_in_vehicle_manifest():339]
Beginning validate_primary_certification_in_vehicle_manifest

[2021.12.29 10:22:56UTC] [director] INFO [director.py:register_vehicle_manifest():290]
[42m[30m Received a Swarm Manifest from Fog drone 'INFOdemocar', with a valid signature from that drone.[0m

[2021.12.29 10:35:19UTC] [director] INFO [director.py:register_ecu_serial():155]
[42m[30mRegistered a new fog drone, 'INFOdemocar' in swarm 'democar' with drone public key: {'keytype': 'ed25519', 'keyid': '9a406d99e362e7c93e7acfe1e4d6585221315be817f350c026bbee84ada260da', 'keyval': {'public': 'a1293426fcf4ce6f38135eb72bf89fedfdcba1b732779683b951d71a0b9e89a2'}, 'keyid_hash_algorithms': ['sha256', 'sha512']}[0m

[2021.12.29 10:35:19UTC] [director] INFO [director.py:validate_primary_certification_in_vehicle_manifest():339]
Beginning validate_primary_certification_in_vehicle_manifest

[2021.12.29 10:35:19UTC] [director] INFO [director.py:register_vehicle_manifest():290]
[42m[30m Received a Swarm Manifest from Fog drone 'INFOdemocar', with a valid signature from that drone.[0m

[2021.12.29 10:35:47UTC] [director] INFO [director.py:validate_primary_certification_in_vehicle_manifest():339]
Beginning validate_primary_certification_in_vehicle_manifest

[2021.12.29 10:35:47UTC] [director] INFO [director.py:register_vehicle_manifest():290]
[42m[30m Received a Swarm Manifest from Fog drone 'INFOdemocar', with a valid signature from that drone.[0m

[2021.12.29 10:40:49UTC] [director] INFO [director.py:validate_primary_certification_in_vehicle_manifest():339]
Beginning validate_primary_certification_in_vehicle_manifest

[2021.12.29 10:40:49UTC] [director] INFO [director.py:register_vehicle_manifest():290]
[42m[30m Received a Swarm Manifest from Fog drone 'INFOdemocar', with a valid signature from that drone.[0m

[2021.12.29 11:18:16UTC] [director] INFO [director.py:register_ecu_serial():155]
[42m[30mRegistered a new fog drone, 'INFOdemocar' in swarm 'democar' with drone public key: {'keytype': 'ed25519', 'keyid': '9a406d99e362e7c93e7acfe1e4d6585221315be817f350c026bbee84ada260da', 'keyval': {'public': 'a1293426fcf4ce6f38135eb72bf89fedfdcba1b732779683b951d71a0b9e89a2'}, 'keyid_hash_algorithms': ['sha256', 'sha512']}[0m

[2021.12.29 11:18:16UTC] [director] INFO [director.py:validate_primary_certification_in_vehicle_manifest():339]
Beginning validate_primary_certification_in_vehicle_manifest

[2021.12.29 11:18:16UTC] [director] INFO [director.py:register_vehicle_manifest():290]
[42m[30m Received a Swarm Manifest from Fog drone 'INFOdemocar', with a valid signature from that drone.[0m

[2021.12.29 11:18:35UTC] [director] INFO [director.py:validate_primary_certification_in_vehicle_manifest():339]
Beginning validate_primary_certification_in_vehicle_manifest

[2021.12.29 11:18:35UTC] [director] INFO [director.py:register_vehicle_manifest():290]
[42m[30m Received a Swarm Manifest from Fog drone 'INFOdemocar', with a valid signature from that drone.[0m

[2021.12.29 12:02:36UTC] [director] INFO [director.py:validate_primary_certification_in_vehicle_manifest():339]
Beginning validate_primary_certification_in_vehicle_manifest

[2021.12.29 12:02:36UTC] [director] INFO [director.py:register_vehicle_manifest():290]
[42m[30m Received a Swarm Manifest from Fog drone 'INFOdemocar', with a valid signature from that drone.[0m

[2021.12.29 12:02:54UTC] [director] INFO [director.py:validate_primary_certification_in_vehicle_manifest():339]
Beginning validate_primary_certification_in_vehicle_manifest

[2021.12.29 12:02:54UTC] [director] INFO [director.py:register_vehicle_manifest():290]
[42m[30m Received a Swarm Manifest from Fog drone 'INFOdemocar', with a valid signature from that drone.[0m

[2021.12.29 12:48:30UTC] [director] INFO [director.py:validate_primary_certification_in_vehicle_manifest():339]
Beginning validate_primary_certification_in_vehicle_manifest

[2021.12.29 12:48:30UTC] [director] INFO [director.py:register_vehicle_manifest():290]
[42m[30m Received a Swarm Manifest from Fog drone 'INFOdemocar', with a valid signature from that drone.[0m

[2021.12.29 12:48:46UTC] [director] INFO [director.py:validate_primary_certification_in_vehicle_manifest():339]
Beginning validate_primary_certification_in_vehicle_manifest

[2021.12.29 12:48:46UTC] [director] INFO [director.py:register_vehicle_manifest():290]
[42m[30m Received a Swarm Manifest from Fog drone 'INFOdemocar', with a valid signature from that drone.[0m

[2022.01.03 08:08:14UTC] [director] INFO [director.py:register_ecu_serial():155]
[42m[30mRegistered a new fog drone, 'INFOdemocar' in swarm 'democar' with drone public key: {'keytype': 'ed25519', 'keyid': '9a406d99e362e7c93e7acfe1e4d6585221315be817f350c026bbee84ada260da', 'keyval': {'public': 'a1293426fcf4ce6f38135eb72bf89fedfdcba1b732779683b951d71a0b9e89a2'}, 'keyid_hash_algorithms': ['sha256', 'sha512']}[0m

[2022.01.03 08:08:14UTC] [director] INFO [director.py:validate_primary_certification_in_vehicle_manifest():339]
Beginning validate_primary_certification_in_vehicle_manifest

[2022.01.03 08:08:14UTC] [director] INFO [director.py:register_vehicle_manifest():290]
[42m[30m Received a Swarm Manifest from Fog drone 'INFOdemocar', with a valid signature from that drone.[0m

[2022.01.03 08:27:45UTC] [director] INFO [director.py:register_duid():155]
[42m[30mRegistered a new fog drone, 'INFOdemocar' in swarm 'democar' with drone public key: {'keytype': 'ed25519', 'keyid': '9a406d99e362e7c93e7acfe1e4d6585221315be817f350c026bbee84ada260da', 'keyval': {'public': 'a1293426fcf4ce6f38135eb72bf89fedfdcba1b732779683b951d71a0b9e89a2'}, 'keyid_hash_algorithms': ['sha256', 'sha512']}[0m

[2022.01.03 08:27:45UTC] [director] INFO [director.py:validate_primary_certification_in_vehicle_manifest():339]
Beginning validate_primary_certification_in_vehicle_manifest

[2022.01.03 08:27:45UTC] [director] INFO [director.py:register_vehicle_manifest():290]
[42m[30m Received a Swarm Manifest from Fog drone 'INFOdemocar', with a valid signature from that drone.[0m

[2022.01.03 08:28:04UTC] [director] INFO [director.py:validate_primary_certification_in_vehicle_manifest():339]
Beginning validate_primary_certification_in_vehicle_manifest

[2022.01.03 08:28:04UTC] [director] INFO [director.py:register_vehicle_manifest():290]
[42m[30m Received a Swarm Manifest from Fog drone 'INFOdemocar', with a valid signature from that drone.[0m

[2022.01.03 08:36:43UTC] [director] INFO [director.py:register_duid():155]
[42m[30mRegistered a new fog drone, 'INFOdemocar' in swarm 'democar' with drone public key: {'keytype': 'ed25519', 'keyid': '9a406d99e362e7c93e7acfe1e4d6585221315be817f350c026bbee84ada260da', 'keyval': {'public': 'a1293426fcf4ce6f38135eb72bf89fedfdcba1b732779683b951d71a0b9e89a2'}, 'keyid_hash_algorithms': ['sha256', 'sha512']}[0m

[2022.01.03 08:36:43UTC] [director] INFO [director.py:validate_primary_certification_in_vehicle_manifest():339]
Beginning validate_primary_certification_in_vehicle_manifest

[2022.01.03 08:36:43UTC] [director] INFO [director.py:register_vehicle_manifest():290]
[42m[30m Received a Swarm Manifest from Fog drone 'INFOdemocar', with a valid signature from that drone.[0m

[2022.01.03 08:36:58UTC] [director] INFO [director.py:validate_primary_certification_in_vehicle_manifest():339]
Beginning validate_primary_certification_in_vehicle_manifest

[2022.01.03 08:36:58UTC] [director] INFO [director.py:register_vehicle_manifest():290]
[42m[30m Received a Swarm Manifest from Fog drone 'INFOdemocar', with a valid signature from that drone.[0m

[2022.01.03 09:46:12UTC] [director] INFO [director.py:register_duid():155]
[42m[30mRegistered a new fog drone, 'INFOdemocar' in swarm 'democar' with drone public key: {'keytype': 'ed25519', 'keyid': '9a406d99e362e7c93e7acfe1e4d6585221315be817f350c026bbee84ada260da', 'keyval': {'public': 'a1293426fcf4ce6f38135eb72bf89fedfdcba1b732779683b951d71a0b9e89a2'}, 'keyid_hash_algorithms': ['sha256', 'sha512']}[0m

[2022.01.03 09:46:12UTC] [director] INFO [director.py:validate_primary_certification_in_vehicle_manifest():339]
Beginning validate_primary_certification_in_vehicle_manifest

[2022.01.03 09:50:15UTC] [director] INFO [director.py:register_duid():155]
[42m[30mRegistered a new fog drone, 'INFOdemocar' in swarm 'democar' with drone public key: {'keytype': 'ed25519', 'keyid': '9a406d99e362e7c93e7acfe1e4d6585221315be817f350c026bbee84ada260da', 'keyval': {'public': 'a1293426fcf4ce6f38135eb72bf89fedfdcba1b732779683b951d71a0b9e89a2'}, 'keyid_hash_algorithms': ['sha256', 'sha512']}[0m

[2022.01.03 09:50:15UTC] [director] INFO [director.py:validate_primary_certification_in_vehicle_manifest():339]
Beginning validate_primary_certification_in_vehicle_manifest

[2022.01.03 09:50:15UTC] [director] INFO [director.py:register_vehicle_manifest():290]
[42m[30m Received a Swarm Manifest from Fog drone 'INFOdemocar', with a valid signature from that drone.[0m

[2022.01.03 09:50:32UTC] [director] INFO [director.py:validate_primary_certification_in_vehicle_manifest():339]
Beginning validate_primary_certification_in_vehicle_manifest

[2022.01.03 09:50:32UTC] [director] INFO [director.py:register_vehicle_manifest():290]
[42m[30m Received a Swarm Manifest from Fog drone 'INFOdemocar', with a valid signature from that drone.[0m

[2022.01.03 11:40:27UTC] [director] INFO [director.py:register_duid():155]
[42m[30mRegistered a new fog drone, 'INFOdemocar' in swarm 'democar' with drone public key: {'keytype': 'ed25519', 'keyid': '9a406d99e362e7c93e7acfe1e4d6585221315be817f350c026bbee84ada260da', 'keyval': {'public': 'a1293426fcf4ce6f38135eb72bf89fedfdcba1b732779683b951d71a0b9e89a2'}, 'keyid_hash_algorithms': ['sha256', 'sha512']}[0m

[2022.01.03 11:40:27UTC] [director] INFO [director.py:validate_primary_certification_in_vehicle_manifest():339]
Beginning validate_primary_certification_in_vehicle_manifest

[2022.01.03 11:40:27UTC] [director] INFO [director.py:register_vehicle_manifest():290]
[42m[30m Received a Swarm Manifest from Fog drone 'INFOdemocar', with a valid signature from that drone.[0m

[2022.01.03 11:40:48UTC] [director] INFO [director.py:validate_primary_certification_in_vehicle_manifest():339]
Beginning validate_primary_certification_in_vehicle_manifest

[2022.01.03 11:40:48UTC] [director] INFO [director.py:register_vehicle_manifest():290]
[42m[30m Received a Swarm Manifest from Fog drone 'INFOdemocar', with a valid signature from that drone.[0m

[2022.01.03 11:55:15UTC] [director] INFO [director.py:validate_primary_certification_in_vehicle_manifest():339]
Beginning validate_primary_certification_in_vehicle_manifest

[2022.01.03 11:55:15UTC] [director] INFO [director.py:register_vehicle_manifest():290]
[42m[30m Received a Swarm Manifest from Fog drone 'INFOdemocar', with a valid signature from that drone.[0m

[2022.01.03 11:56:10UTC] [director] INFO [director.py:validate_primary_certification_in_vehicle_manifest():339]
Beginning validate_primary_certification_in_vehicle_manifest

[2022.01.03 11:56:10UTC] [director] INFO [director.py:register_vehicle_manifest():290]
[42m[30m Received a Swarm Manifest from Fog drone 'INFOdemocar', with a valid signature from that drone.[0m

[2022.01.04 11:04:53UTC] [director] INFO [director.py:register_duid():155]
[42m[30mRegistered a new fog drone, 'INFOdemocar' in swarm 'democar' with drone public key: {'keytype': 'ed25519', 'keyid': '9a406d99e362e7c93e7acfe1e4d6585221315be817f350c026bbee84ada260da', 'keyval': {'public': 'a1293426fcf4ce6f38135eb72bf89fedfdcba1b732779683b951d71a0b9e89a2'}, 'keyid_hash_algorithms': ['sha256', 'sha512']}[0m

[2022.01.04 11:04:53UTC] [director] INFO [director.py:validate_fogdrone_certification_in_swarm_manifest():339]
Beginning validate_fogdrone_certification_in_swarm_manifest

[2022.01.04 11:04:53UTC] [director] INFO [director.py:register_swarm_manifest():290]
[42m[30m Received a Swarm Manifest from Fog drone 'INFOdemocar', with a valid signature from that drone.[0m

[2022.01.04 11:05:50UTC] [director] INFO [director.py:validate_fogdrone_certification_in_swarm_manifest():339]
Beginning validate_fogdrone_certification_in_swarm_manifest

[2022.01.04 11:05:50UTC] [director] INFO [director.py:register_swarm_manifest():290]
[42m[30m Received a Swarm Manifest from Fog drone 'INFOdemocar', with a valid signature from that drone.[0m

[2022.01.04 11:46:24UTC] [director] INFO [director.py:validate_fogdrone_certification_in_swarm_manifest():339]
Beginning validate_fogdrone_certification_in_swarm_manifest

[2022.01.04 11:46:24UTC] [director] INFO [director.py:register_swarm_manifest():290]
[42m[30m Received a Swarm Manifest from Fog drone 'INFOdemocar', with a valid signature from that drone.[0m

[2022.01.04 11:46:40UTC] [director] INFO [director.py:validate_fogdrone_certification_in_swarm_manifest():339]
Beginning validate_fogdrone_certification_in_swarm_manifest

[2022.01.04 11:46:40UTC] [director] INFO [director.py:register_swarm_manifest():290]
[42m[30m Received a Swarm Manifest from Fog drone 'INFOdemocar', with a valid signature from that drone.[0m

[2022.01.04 12:29:42UTC] [director] INFO [director.py:validate_fogdrone_certification_in_swarm_manifest():339]
Beginning validate_fogdrone_certification_in_swarm_manifest

[2022.01.04 12:29:42UTC] [director] INFO [director.py:register_swarm_manifest():290]
[42m[30m Received a Swarm Manifest from Fog drone 'INFOdemocar', with a valid signature from that drone.[0m

[2022.01.04 12:42:08UTC] [director] INFO [director.py:register_duid():155]
[42m[30mRegistered a new fog drone, 'INFOdemocar' in swarm 'democar' with drone public key: {'keytype': 'ed25519', 'keyid': '9a406d99e362e7c93e7acfe1e4d6585221315be817f350c026bbee84ada260da', 'keyval': {'public': 'a1293426fcf4ce6f38135eb72bf89fedfdcba1b732779683b951d71a0b9e89a2'}, 'keyid_hash_algorithms': ['sha256', 'sha512']}[0m

[2022.01.04 12:42:08UTC] [director] INFO [director.py:validate_fogdrone_certification_in_swarm_manifest():339]
Beginning validate_fogdrone_certification_in_swarm_manifest

[2022.01.04 12:42:08UTC] [director] INFO [director.py:register_swarm_manifest():290]
[42m[30m Received a Swarm Manifest from Fog drone 'INFOdemocar', with a valid signature from that drone.[0m

[2022.01.04 12:42:24UTC] [director] INFO [director.py:validate_fogdrone_certification_in_swarm_manifest():339]
Beginning validate_fogdrone_certification_in_swarm_manifest

[2022.01.04 12:42:24UTC] [director] INFO [director.py:register_swarm_manifest():290]
[42m[30m Received a Swarm Manifest from Fog drone 'INFOdemocar', with a valid signature from that drone.[0m

[2022.01.04 12:49:25UTC] [director] INFO [director.py:register_duid():155]
[42m[30mRegistered a new fog drone, 'INFOdemocar' in swarm 'democar' with drone public key: {'keytype': 'ed25519', 'keyid': '9a406d99e362e7c93e7acfe1e4d6585221315be817f350c026bbee84ada260da', 'keyval': {'public': 'a1293426fcf4ce6f38135eb72bf89fedfdcba1b732779683b951d71a0b9e89a2'}, 'keyid_hash_algorithms': ['sha256', 'sha512']}[0m

[2022.01.04 12:49:25UTC] [director] INFO [director.py:validate_fogdrone_certification_in_swarm_manifest():339]
Beginning validate_fogdrone_certification_in_swarm_manifest

[2022.01.04 12:49:25UTC] [director] INFO [director.py:register_swarm_manifest():290]
[42m[30m Received a Swarm Manifest from Fog drone 'INFOdemocar', with a valid signature from that drone.[0m

[2022.01.04 12:49:41UTC] [director] INFO [director.py:validate_fogdrone_certification_in_swarm_manifest():339]
Beginning validate_fogdrone_certification_in_swarm_manifest

[2022.01.04 12:49:41UTC] [director] INFO [director.py:register_swarm_manifest():290]
[42m[30m Received a Swarm Manifest from Fog drone 'INFOdemocar', with a valid signature from that drone.[0m

[2022.01.04 12:56:29UTC] [director] INFO [director.py:register_duid():155]
[42m[30mRegistered a new fog drone, 'INFOdemocar' in swarm 'democar' with drone public key: {'keytype': 'ed25519', 'keyid': '9a406d99e362e7c93e7acfe1e4d6585221315be817f350c026bbee84ada260da', 'keyval': {'public': 'a1293426fcf4ce6f38135eb72bf89fedfdcba1b732779683b951d71a0b9e89a2'}, 'keyid_hash_algorithms': ['sha256', 'sha512']}[0m

[2022.01.04 12:56:29UTC] [director] INFO [director.py:validate_fogdrone_certification_in_swarm_manifest():339]
Beginning validate_fogdrone_certification_in_swarm_manifest

[2022.01.04 12:56:29UTC] [director] INFO [director.py:register_swarm_manifest():290]
[42m[30m Received a Swarm Manifest from Fog drone 'INFOdemocar', with a valid signature from that drone.[0m

[2022.01.04 12:56:52UTC] [director] INFO [director.py:validate_fogdrone_certification_in_swarm_manifest():339]
Beginning validate_fogdrone_certification_in_swarm_manifest

[2022.01.04 12:56:52UTC] [director] INFO [director.py:register_swarm_manifest():290]
[42m[30m Received a Swarm Manifest from Fog drone 'INFOdemocar', with a valid signature from that drone.[0m

[2022.01.04 13:07:34UTC] [director] INFO [director.py:validate_fogdrone_certification_in_swarm_manifest():339]
Beginning validate_fogdrone_certification_in_swarm_manifest

[2022.01.04 13:07:34UTC] [director] INFO [director.py:register_swarm_manifest():290]
[42m[30m Received a Swarm Manifest from Fog drone 'INFOdemocar', with a valid signature from that drone.[0m

[2022.01.04 13:07:50UTC] [director] INFO [director.py:validate_fogdrone_certification_in_swarm_manifest():339]
Beginning validate_fogdrone_certification_in_swarm_manifest

[2022.01.04 13:07:50UTC] [director] INFO [director.py:register_swarm_manifest():290]
[42m[30m Received a Swarm Manifest from Fog drone 'INFOdemocar', with a valid signature from that drone.[0m

[2022.01.04 13:11:23UTC] [director] INFO [director.py:validate_fogdrone_certification_in_swarm_manifest():339]
Beginning validate_fogdrone_certification_in_swarm_manifest

[2022.01.04 13:11:23UTC] [director] INFO [director.py:register_swarm_manifest():290]
[42m[30m Received a Swarm Manifest from Fog drone 'INFOdemocar', with a valid signature from that drone.[0m

[2022.01.05 11:13:57UTC] [director] INFO [director.py:register_duid():155]
[42m[30mRegistered a new drone, 'INFOdemocar' in swarm 'democar' with drone public key: {'keytype': 'ed25519', 'keyid': '9a406d99e362e7c93e7acfe1e4d6585221315be817f350c026bbee84ada260da', 'keyval': {'public': 'a1293426fcf4ce6f38135eb72bf89fedfdcba1b732779683b951d71a0b9e89a2'}, 'keyid_hash_algorithms': ['sha256', 'sha512']}[0m

[2022.01.05 11:13:57UTC] [director] INFO [director.py:validate_fogdrone_certification_in_swarm_manifest():339]
Beginning validate_fogdrone_certification_in_swarm_manifest

[2022.01.05 11:13:57UTC] [director] INFO [director.py:register_swarm_manifest():290]
[42m[30m Received a Swarm Manifest from Fog drone 'INFOdemocar', with a valid signature from that drone.[0m

[2022.01.05 11:14:12UTC] [director] INFO [director.py:validate_fogdrone_certification_in_swarm_manifest():339]
Beginning validate_fogdrone_certification_in_swarm_manifest

[2022.01.05 11:14:12UTC] [director] INFO [director.py:register_swarm_manifest():290]
[42m[30m Received a Swarm Manifest from Fog drone 'INFOdemocar', with a valid signature from that drone.[0m

[2022.01.05 11:14:44UTC] [director] INFO [director.py:register_duid():155]
[42m[30mRegistered a new drone, 'TCUdemocar' in swarm 'democar' with drone public key: {'keytype': 'ed25519', 'keyid': '49309f114b857e4b29bfbff1c1c75df59f154fbc45539b2eb30c8a867843b2cb', 'keyval': {'public': '6b3ce84f9de678c1c4555607055398ebb2369c84800742773165c5854660c433'}, 'keyid_hash_algorithms': ['sha256', 'sha512']}[0m

[2022.01.05 12:55:03UTC] [director] INFO [director.py:register_duid():155]
[42m[30mRegistered a new drone, 'INFOdemocar' in swarm 'democar' with drone public key: {'keytype': 'ed25519', 'keyid': '9a406d99e362e7c93e7acfe1e4d6585221315be817f350c026bbee84ada260da', 'keyval': {'public': 'a1293426fcf4ce6f38135eb72bf89fedfdcba1b732779683b951d71a0b9e89a2'}, 'keyid_hash_algorithms': ['sha256', 'sha512']}[0m

[2022.01.05 12:55:03UTC] [director] INFO [director.py:validate_fogdrone_certification_in_swarm_manifest():339]
Beginning validate_fogdrone_certification_in_swarm_manifest

[2022.01.05 12:55:03UTC] [director] INFO [director.py:register_swarm_manifest():290]
[42m[30m Received a Swarm Manifest from Fog drone 'INFOdemocar', with a valid signature from that drone.[0m

[2022.01.05 12:55:19UTC] [director] INFO [director.py:validate_fogdrone_certification_in_swarm_manifest():339]
Beginning validate_fogdrone_certification_in_swarm_manifest

[2022.01.05 12:55:19UTC] [director] INFO [director.py:register_swarm_manifest():290]
[42m[30m Received a Swarm Manifest from Fog drone 'INFOdemocar', with a valid signature from that drone.[0m

[2022.01.05 12:55:47UTC] [director] INFO [director.py:register_duid():155]
[42m[30mRegistered a new drone, 'TCUdemocar' in swarm 'democar' with drone public key: {'keytype': 'ed25519', 'keyid': '49309f114b857e4b29bfbff1c1c75df59f154fbc45539b2eb30c8a867843b2cb', 'keyval': {'public': '6b3ce84f9de678c1c4555607055398ebb2369c84800742773165c5854660c433'}, 'keyid_hash_algorithms': ['sha256', 'sha512']}[0m

[2022.01.05 12:59:42UTC] [director] INFO [director.py:validate_fogdrone_certification_in_swarm_manifest():339]
Beginning validate_fogdrone_certification_in_swarm_manifest

[2022.01.05 12:59:42UTC] [director] INFO [director.py:register_swarm_manifest():290]
[42m[30m Received a Swarm Manifest from Fog drone 'INFOdemocar', with a valid signature from that drone.[0m

[2022.01.05 13:16:32UTC] [director] INFO [director.py:register_duid():155]
[42m[30mRegistered a new drone, 'INFOdemocar' in swarm 'democar' with drone public key: {'keytype': 'ed25519', 'keyid': '9a406d99e362e7c93e7acfe1e4d6585221315be817f350c026bbee84ada260da', 'keyval': {'public': 'a1293426fcf4ce6f38135eb72bf89fedfdcba1b732779683b951d71a0b9e89a2'}, 'keyid_hash_algorithms': ['sha256', 'sha512']}[0m

[2022.01.05 13:16:32UTC] [director] INFO [director.py:validate_fogdrone_certification_in_swarm_manifest():339]
Beginning validate_fogdrone_certification_in_swarm_manifest

[2022.01.05 13:16:32UTC] [director] INFO [director.py:register_swarm_manifest():290]
[42m[30m Received a Swarm Manifest from Fog drone 'INFOdemocar', with a valid signature from that drone.[0m

[2022.01.05 13:16:47UTC] [director] INFO [director.py:validate_fogdrone_certification_in_swarm_manifest():339]
Beginning validate_fogdrone_certification_in_swarm_manifest

[2022.01.05 13:16:47UTC] [director] INFO [director.py:register_swarm_manifest():290]
[42m[30m Received a Swarm Manifest from Fog drone 'INFOdemocar', with a valid signature from that drone.[0m

[2022.01.05 13:18:21UTC] [director] INFO [director.py:validate_fogdrone_certification_in_swarm_manifest():339]
Beginning validate_fogdrone_certification_in_swarm_manifest

[2022.01.05 13:18:21UTC] [director] INFO [director.py:register_swarm_manifest():290]
[42m[30m Received a Swarm Manifest from Fog drone 'INFOdemocar', with a valid signature from that drone.[0m

[2022.01.05 13:21:03UTC] [director] INFO [director.py:register_duid():155]
[42m[30mRegistered a new drone, 'INFOdemocar' in swarm 'democar' with drone public key: {'keytype': 'ed25519', 'keyid': '9a406d99e362e7c93e7acfe1e4d6585221315be817f350c026bbee84ada260da', 'keyval': {'public': 'a1293426fcf4ce6f38135eb72bf89fedfdcba1b732779683b951d71a0b9e89a2'}, 'keyid_hash_algorithms': ['sha256', 'sha512']}[0m

[2022.01.05 13:21:03UTC] [director] INFO [director.py:validate_fogdrone_certification_in_swarm_manifest():339]
Beginning validate_fogdrone_certification_in_swarm_manifest

[2022.01.05 13:21:03UTC] [director] INFO [director.py:register_swarm_manifest():290]
[42m[30m Received a Swarm Manifest from Fog drone 'INFOdemocar', with a valid signature from that drone.[0m

[2022.01.05 13:21:18UTC] [director] INFO [director.py:validate_fogdrone_certification_in_swarm_manifest():339]
Beginning validate_fogdrone_certification_in_swarm_manifest

[2022.01.05 13:21:18UTC] [director] INFO [director.py:register_swarm_manifest():290]
[42m[30m Received a Swarm Manifest from Fog drone 'INFOdemocar', with a valid signature from that drone.[0m

[2022.01.05 13:21:53UTC] [director] INFO [director.py:register_duid():155]
[42m[30mRegistered a new drone, 'TCUdemocar' in swarm 'democar' with drone public key: {'keytype': 'ed25519', 'keyid': '49309f114b857e4b29bfbff1c1c75df59f154fbc45539b2eb30c8a867843b2cb', 'keyval': {'public': '6b3ce84f9de678c1c4555607055398ebb2369c84800742773165c5854660c433'}, 'keyid_hash_algorithms': ['sha256', 'sha512']}[0m

[2022.01.05 13:23:40UTC] [director] INFO [director.py:validate_fogdrone_certification_in_swarm_manifest():339]
Beginning validate_fogdrone_certification_in_swarm_manifest

[2022.01.05 13:23:40UTC] [director] INFO [director.py:register_swarm_manifest():290]
[42m[30m Received a Swarm Manifest from Fog drone 'INFOdemocar', with a valid signature from that drone.[0m

[2022.01.05 13:27:49UTC] [director] INFO [director.py:register_duid():155]
[42m[30mRegistered a new drone, 'INFOdemocar' in swarm 'democar' with drone public key: {'keytype': 'ed25519', 'keyid': '9a406d99e362e7c93e7acfe1e4d6585221315be817f350c026bbee84ada260da', 'keyval': {'public': 'a1293426fcf4ce6f38135eb72bf89fedfdcba1b732779683b951d71a0b9e89a2'}, 'keyid_hash_algorithms': ['sha256', 'sha512']}[0m

[2022.01.05 13:27:49UTC] [director] INFO [director.py:validate_fogdrone_certification_in_swarm_manifest():339]
Beginning validate_fogdrone_certification_in_swarm_manifest

[2022.01.05 13:27:49UTC] [director] INFO [director.py:register_swarm_manifest():290]
[42m[30m Received a Swarm Manifest from Fog drone 'INFOdemocar', with a valid signature from that drone.[0m

[2022.01.05 13:28:03UTC] [director] INFO [director.py:validate_fogdrone_certification_in_swarm_manifest():339]
Beginning validate_fogdrone_certification_in_swarm_manifest

[2022.01.05 13:28:03UTC] [director] INFO [director.py:register_swarm_manifest():290]
[42m[30m Received a Swarm Manifest from Fog drone 'INFOdemocar', with a valid signature from that drone.[0m

[2022.01.05 13:28:28UTC] [director] INFO [director.py:register_duid():155]
[42m[30mRegistered a new drone, 'TCUdemocar' in swarm 'democar' with drone public key: {'keytype': 'ed25519', 'keyid': '49309f114b857e4b29bfbff1c1c75df59f154fbc45539b2eb30c8a867843b2cb', 'keyval': {'public': '6b3ce84f9de678c1c4555607055398ebb2369c84800742773165c5854660c433'}, 'keyid_hash_algorithms': ['sha256', 'sha512']}[0m

[2022.01.05 13:30:16UTC] [director] INFO [director.py:validate_fogdrone_certification_in_swarm_manifest():339]
Beginning validate_fogdrone_certification_in_swarm_manifest

[2022.01.05 13:30:16UTC] [director] INFO [director.py:register_swarm_manifest():290]
[42m[30m Received a Swarm Manifest from Fog drone 'INFOdemocar', with a valid signature from that drone.[0m

[2022.01.05 13:30:16UTC] [director] DEBUG [director.py:register_drone_manifest():433]
Stored a valid Drone manifest from drone'TCUdemocar'

[2022.01.05 13:30:16UTC] [director] DEBUG [director.py:register_drone_manifest():433]
Stored a valid Drone manifest from drone'TCUdemocar'

[2022.01.05 13:39:23UTC] [director] INFO [director.py:register_duid():155]
[42m[30mRegistered a new drone, 'INFOdemocar' in swarm 'democar' with drone public key: {'keytype': 'ed25519', 'keyid': '9a406d99e362e7c93e7acfe1e4d6585221315be817f350c026bbee84ada260da', 'keyval': {'public': 'a1293426fcf4ce6f38135eb72bf89fedfdcba1b732779683b951d71a0b9e89a2'}, 'keyid_hash_algorithms': ['sha256', 'sha512']}[0m

[2022.01.05 13:39:23UTC] [director] INFO [director.py:validate_fogdrone_certification_in_swarm_manifest():339]
Beginning validate_fogdrone_certification_in_swarm_manifest

[2022.01.05 13:39:23UTC] [director] INFO [director.py:register_swarm_manifest():290]
[42m[30m Received a Swarm Manifest from Fog drone 'INFOdemocar', with a valid signature from that drone.[0m

[2022.01.05 13:39:37UTC] [director] INFO [director.py:validate_fogdrone_certification_in_swarm_manifest():339]
Beginning validate_fogdrone_certification_in_swarm_manifest

[2022.01.05 13:39:37UTC] [director] INFO [director.py:register_swarm_manifest():290]
[42m[30m Received a Swarm Manifest from Fog drone 'INFOdemocar', with a valid signature from that drone.[0m

[2022.01.05 13:40:44UTC] [director] INFO [director.py:register_duid():155]
[42m[30mRegistered a new drone, 'TCUdemocar' in swarm 'democar' with drone public key: {'keytype': 'ed25519', 'keyid': '49309f114b857e4b29bfbff1c1c75df59f154fbc45539b2eb30c8a867843b2cb', 'keyval': {'public': '6b3ce84f9de678c1c4555607055398ebb2369c84800742773165c5854660c433'}, 'keyid_hash_algorithms': ['sha256', 'sha512']}[0m

[2022.01.05 13:42:25UTC] [director] INFO [director.py:validate_fogdrone_certification_in_swarm_manifest():339]
Beginning validate_fogdrone_certification_in_swarm_manifest

[2022.01.05 13:42:25UTC] [director] INFO [director.py:register_swarm_manifest():290]
[42m[30m Received a Swarm Manifest from Fog drone 'INFOdemocar', with a valid signature from that drone.[0m

[2022.01.05 13:42:25UTC] [director] DEBUG [director.py:register_drone_manifest():433]
Stored a valid Drone manifest from drone'TCUdemocar'

[2022.01.05 13:42:25UTC] [director] DEBUG [director.py:register_drone_manifest():433]
Stored a valid Drone manifest from drone'TCUdemocar'

